[debug] [2023-10-25T03:27:47.502Z] ----------------------------------------------------------------------
[debug] [2023-10-25T03:27:47.505Z] Command:       /usr/local/bin/node /usr/local/bin/firebase init
[debug] [2023-10-25T03:27:47.505Z] CLI Version:   12.7.0
[debug] [2023-10-25T03:27:47.506Z] Platform:      darwin
[debug] [2023-10-25T03:27:47.506Z] Node Version:  v18.18.1
[debug] [2023-10-25T03:27:47.508Z] Time:          Wed Oct 25 2023 10:27:47 GMT+0700 (Western Indonesia Time)
[debug] [2023-10-25T03:27:47.508Z] ----------------------------------------------------------------------
[debug] 
[debug] [2023-10-25T03:27:47.512Z] >>> [apiv2][query] GET https://firebase-public.firebaseio.com/cli.json [none]
[debug] [2023-10-25T03:27:47.577Z] > command requires scopes: ["email","openid","https://www.googleapis.com/auth/cloudplatformprojects.readonly","https://www.googleapis.com/auth/firebase","https://www.googleapis.com/auth/cloud-platform"]
[debug] [2023-10-25T03:27:47.577Z] > authorizing via signed-in user (diky.ahmad28@gmail.com)
[info] 
     ######## #### ########  ######## ########     ###     ######  ########
     ##        ##  ##     ## ##       ##     ##  ##   ##  ##       ##
     ######    ##  ########  ######   ########  #########  ######  ######
     ##        ##  ##    ##  ##       ##     ## ##     ##       ## ##
     ##       #### ##     ## ######## ########  ##     ##  ######  ########

You're about to initialize a Firebase project in this directory:

  /Users/grayoxde/Documents/Diky/next/diky-app

[debug] [2023-10-25T03:27:48.259Z] <<< [apiv2][status] GET https://firebase-public.firebaseio.com/cli.json 200
[debug] [2023-10-25T03:27:48.260Z] <<< [apiv2][body] GET https://firebase-public.firebaseio.com/cli.json {"cloudBuildErrorAfter":1594252800000,"cloudBuildWarnAfter":1590019200000,"defaultNode10After":1594252800000,"minVersion":"3.0.5","node8DeploysDisabledAfter":1613390400000,"node8RuntimeDisabledAfter":1615809600000,"node8WarnAfter":1600128000000}
